#
# There is insufficient memory for the Java Runtime Environment to continue.
# Native memory allocation (malloc) failed to allocate 32744 bytes for ChunkPool::allocate
# Possible reasons:
#   The system is out of physical RAM or swap space
#   The process is running with CompressedOops enabled, and the Java Heap may be blocking the growth of the native heap
# Possible solutions:
#   Reduce memory load on the system
#   Increase physical memory or swap space
#   Check if swap backing store is full
#   Decrease Java heap size (-Xmx/-Xms)
#   Decrease number of Java threads
#   Decrease Java thread stack sizes (-Xss)
#   Set larger code cache with -XX:ReservedCodeCacheSize=
#   JVM is running with Unscaled Compressed Oops mode in which the Java heap is
#     placed in the first 4GB address space. The Java Heap base address is the
#     maximum limit for the native heap growth. Please use -XX:HeapBaseMinAddress
#     to set the Java Heap base and to place the Java Heap above 4GB virtual address.
# This output file may be truncated or incomplete.
#
#  Out of Memory Error (arena.cpp:78), pid=11948, tid=12532
#
# JRE version: Java(TM) SE Runtime Environment (17.0.11+7) (build 17.0.11+7-LTS-207)
# Java VM: Java HotSpot(TM) 64-Bit Server VM (17.0.11+7-LTS-207, mixed mode, sharing, tiered, compressed oops, compressed class ptrs, g1 gc, windows-amd64)
# No core dump will be written. Minidumps are not enabled by default on client versions of Windows
#

---------------  S U M M A R Y ------------

Command Line: --add-opens=java.base/java.util=ALL-UNNAMED --add-opens=java.base/java.lang=ALL-UNNAMED --add-opens=java.base/java.lang.invoke=ALL-UNNAMED --add-opens=java.prefs/java.util.prefs=ALL-UNNAMED --add-exports=jdk.compiler/com.sun.tools.javac.api=ALL-UNNAMED --add-exports=jdk.compiler/com.sun.tools.javac.util=ALL-UNNAMED --add-opens=java.base/java.nio.charset=ALL-UNNAMED --add-opens=java.base/java.net=ALL-UNNAMED --add-opens=java.base/java.util.concurrent.atomic=ALL-UNNAMED -XX:MaxMetaspaceSize=384m -XX:+HeapDumpOnOutOfMemoryError -Xms256m -Xmx512m -Dfile.encoding=utf8 -Duser.country=US -Duser.language=en -Duser.variant -javaagent:C:\Users\tannie\.gradle\wrapper\dists\gradle-8.9-bin\90cnw93cvbtalezasaz0blq0a\gradle-8.9\lib\agents\gradle-instrumentation-agent-8.9.jar org.gradle.launcher.daemon.bootstrap.GradleDaemon 8.9

Host: AMD Ryzen 7 5825U with Radeon Graphics         , 16 cores, 22G,  Windows 11 , 64 bit Build 26100 (10.0.26100.3037)
Time: Sun Feb 16 15:24:27 2025 SE Asia Standard Time elapsed time: 10.770249 seconds (0d 0h 0m 10s)

---------------  T H R E A D  ---------------

Current thread (0x000001f94d5d4ab0):  JavaThread "C1 CompilerThread0" daemon [_thread_in_native, id=12532, stack(0x0000000d60500000,0x0000000d60600000)]


Current CompileTask:
C1:  10770 2463       3       jdk.internal.org.objectweb.asm.Frame::putAbstractType (379 bytes)

Stack: [0x0000000d60500000,0x0000000d60600000]
Native frames: (J=compiled Java code, j=interpreted, Vv=VM code, C=native code)
V  [jvm.dll+0x679cca]
V  [jvm.dll+0x7da13d]
V  [jvm.dll+0x7dba83]
V  [jvm.dll+0x7dc0f3]
V  [jvm.dll+0x2449af]
V  [jvm.dll+0xaba8c]
V  [jvm.dll+0xabe1c]
V  [jvm.dll+0x17705e]
V  [jvm.dll+0x179371]
V  [jvm.dll+0x134ce3]
V  [jvm.dll+0x1345af]
V  [jvm.dll+0x1347f8]
V  [jvm.dll+0x133c81]
V  [jvm.dll+0x13596d]
V  [jvm.dll+0x225a2b]
V  [jvm.dll+0x223bcb]
V  [jvm.dll+0x7903ec]
V  [jvm.dll+0x78a85a]
V  [jvm.dll+0x678bb5]
C  [ucrtbase.dll+0x37b0]
C  [KERNEL32.DLL+0x2e8d7]
C  [ntdll.dll+0xbbf2c]


---------------  P R O C E S S  ---------------

Threads class SMR info:
_java_thread_list=0x000001f968be7120, length=22, elements={
0x000001f931876390, 0x000001f94d489e90, 0x000001f94d48a960, 0x000001f94d5b4090,
0x000001f94d5b4a60, 0x000001f94d5b4f40, 0x000001f94d5b5810, 0x000001f94d5b8420,
0x000001f94d5d4ab0, 0x000001f94d640b70, 0x000001f94d6dbe30, 0x000001f94d7a87c0,
0x000001f9680f13d0, 0x000001f968b652d0, 0x000001f968aec0b0, 0x000001f968d54040,
0x000001f968d6b2f0, 0x000001f968d9f610, 0x000001f968d9cd90, 0x000001f968d9d2a0,
0x000001f968d9d7b0, 0x000001f968d9dcc0
}

Java Threads: ( => current thread )
  0x000001f931876390 JavaThread "main" [_thread_blocked, id=27448, stack(0x0000000d5f700000,0x0000000d5f800000)]
  0x000001f94d489e90 JavaThread "Reference Handler" daemon [_thread_blocked, id=22964, stack(0x0000000d5fe00000,0x0000000d5ff00000)]
  0x000001f94d48a960 JavaThread "Finalizer" daemon [_thread_blocked, id=28260, stack(0x0000000d5ff00000,0x0000000d60000000)]
  0x000001f94d5b4090 JavaThread "Signal Dispatcher" daemon [_thread_blocked, id=28888, stack(0x0000000d60000000,0x0000000d60100000)]
  0x000001f94d5b4a60 JavaThread "Attach Listener" daemon [_thread_blocked, id=24284, stack(0x0000000d60100000,0x0000000d60200000)]
  0x000001f94d5b4f40 JavaThread "Service Thread" daemon [_thread_blocked, id=18388, stack(0x0000000d60200000,0x0000000d60300000)]
  0x000001f94d5b5810 JavaThread "Monitor Deflation Thread" daemon [_thread_blocked, id=23656, stack(0x0000000d60300000,0x0000000d60400000)]
  0x000001f94d5b8420 JavaThread "C2 CompilerThread0" daemon [_thread_in_native, id=14828, stack(0x0000000d60400000,0x0000000d60500000)]
=>0x000001f94d5d4ab0 JavaThread "C1 CompilerThread0" daemon [_thread_in_native, id=12532, stack(0x0000000d60500000,0x0000000d60600000)]
  0x000001f94d640b70 JavaThread "Sweeper thread" daemon [_thread_blocked, id=6516, stack(0x0000000d60600000,0x0000000d60700000)]
  0x000001f94d6dbe30 JavaThread "Common-Cleaner" daemon [_thread_blocked, id=14960, stack(0x0000000d60700000,0x0000000d60800000)]
  0x000001f94d7a87c0 JavaThread "Notification Thread" daemon [_thread_blocked, id=24124, stack(0x0000000d60b00000,0x0000000d60c00000)]
  0x000001f9680f13d0 JavaThread "Daemon health stats" [_thread_blocked, id=2676, stack(0x0000000d61300000,0x0000000d61400000)]
  0x000001f968b652d0 JavaThread "Incoming local TCP Connector on port 64805" [_thread_in_native, id=17404, stack(0x0000000d60a00000,0x0000000d60b00000)]
  0x000001f968aec0b0 JavaThread "Daemon periodic checks" [_thread_blocked, id=12276, stack(0x0000000d61400000,0x0000000d61500000)]
  0x000001f968d54040 JavaThread "Daemon" [_thread_blocked, id=22192, stack(0x0000000d61500000,0x0000000d61600000)]
  0x000001f968d6b2f0 JavaThread "Handler for socket connection from /127.0.0.1:64805 to /127.0.0.1:64806" [_thread_in_native, id=27600, stack(0x0000000d61600000,0x0000000d61700000)]
  0x000001f968d9f610 JavaThread "Cancel handler" [_thread_blocked, id=24204, stack(0x0000000d61700000,0x0000000d61800000)]
  0x000001f968d9cd90 JavaThread "Daemon worker" [_thread_in_native, id=12140, stack(0x0000000d61800000,0x0000000d61900000)]
  0x000001f968d9d2a0 JavaThread "Asynchronous log dispatcher for DefaultDaemonConnection: socket connection from /127.0.0.1:64805 to /127.0.0.1:64806" [_thread_blocked, id=22920, stack(0x0000000d60800000,0x0000000d60900000)]
  0x000001f968d9d7b0 JavaThread "Stdin handler" [_thread_blocked, id=26296, stack(0x0000000d60900000,0x0000000d60a00000)]
  0x000001f968d9dcc0 JavaThread "Daemon client event forwarder" [_thread_blocked, id=688, stack(0x0000000d61200000,0x0000000d61300000)]

Other Threads:
  0x000001f94d488850 VMThread "VM Thread" [stack: 0x0000000d5fd00000,0x0000000d5fe00000] [id=25532]
  0x000001f94d353790 WatcherThread [stack: 0x0000000d60c00000,0x0000000d60d00000] [id=28360]
  0x000001f9318a46c0 GCTaskThread "GC Thread#0" [stack: 0x0000000d5f800000,0x0000000d5f900000] [id=22560]
  0x000001f96748f320 GCTaskThread "GC Thread#1" [stack: 0x0000000d60d00000,0x0000000d60e00000] [id=24300]
  0x000001f96758da10 GCTaskThread "GC Thread#2" [stack: 0x0000000d60e00000,0x0000000d60f00000] [id=14572]
  0x000001f96758dcd0 GCTaskThread "GC Thread#3" [stack: 0x0000000d60f00000,0x0000000d61000000] [id=22864]
  0x000001f96716e380 GCTaskThread "GC Thread#4" [stack: 0x0000000d61000000,0x0000000d61100000] [id=29500]
  0x000001f96716e640 GCTaskThread "GC Thread#5" [stack: 0x0000000d61100000,0x0000000d61200000] [id=23380]
  0x000001f9318aa3d0 ConcurrentGCThread "G1 Main Marker" [stack: 0x0000000d5f900000,0x0000000d5fa00000] [id=17572]
  0x000001f9318aab90 ConcurrentGCThread "G1 Conc#0" [stack: 0x0000000d5fa00000,0x0000000d5fb00000] [id=29636]
  0x000001f93193d970 ConcurrentGCThread "G1 Refine#0" [stack: 0x0000000d5fb00000,0x0000000d5fc00000] [id=26312]
  0x000001f93193e150 ConcurrentGCThread "G1 Service" [stack: 0x0000000d5fc00000,0x0000000d5fd00000] [id=736]

Threads with active compile tasks:
C2 CompilerThread0    10812 2437       4       jdk.internal.org.objectweb.asm.Frame::execute (2305 bytes)
C1 CompilerThread0    10812 2463       3       jdk.internal.org.objectweb.asm.Frame::putAbstractType (379 bytes)

VM state: not at safepoint (normal execution)

VM Mutex/Monitor currently owned by a thread: None

Heap address: 0x00000000e0000000, size: 512 MB, Compressed Oops mode: 32-bit

CDS archive(s) mapped at: [0x000001f94e000000-0x000001f94ebd0000-0x000001f94ebd0000), size 12386304, SharedBaseAddress: 0x000001f94e000000, ArchiveRelocationMode: 1.
Compressed class space mapped at: 0x000001f94f000000-0x000001f963000000, reserved size: 335544320
Narrow klass base: 0x000001f94e000000, Narrow klass shift: 0, Narrow klass range: 0x100000000

GC Precious Log:
 CPUs: 16 total, 16 available
 Memory: 23374M
 Large Page Support: Disabled
 NUMA Support: Disabled
 Compressed Oops: Enabled (32-bit)
 Heap Region Size: 1M
 Heap Min Capacity: 256M
 Heap Initial Capacity: 256M
 Heap Max Capacity: 512M
 Pre-touch: Disabled
 Parallel Workers: 13
 Concurrent Workers: 3
 Concurrent Refinement Workers: 13
 Periodic GC: Disabled

Heap:
 garbage-first heap   total 262144K, used 55739K [0x00000000e0000000, 0x0000000100000000)
  region size 1024K, 45 young (46080K), 7 survivors (7168K)
 Metaspace       used 13584K, committed 13888K, reserved 393216K
  class space    used 1840K, committed 1984K, reserved 327680K

Heap Regions: E=young(eden), S=young(survivor), O=old, HS=humongous(starts), HC=humongous(continues), CS=collection set, F=free, OA=open archive, CA=closed archive, TAMS=top-at-mark-start (previous, next)
|   0|0x00000000e0000000, 0x00000000e0100000, 0x00000000e0100000|100%|HS|  |TAMS 0x00000000e0000000, 0x00000000e0000000| Complete 
|   1|0x00000000e0100000, 0x00000000e0200000, 0x00000000e0200000|100%|HC|  |TAMS 0x00000000e0100000, 0x00000000e0100000| Complete 
|   2|0x00000000e0200000, 0x00000000e0300000, 0x00000000e0300000|100%|HC|  |TAMS 0x00000000e0200000, 0x00000000e0200000| Complete 
|   3|0x00000000e0300000, 0x00000000e0400000, 0x00000000e0400000|100%|HC|  |TAMS 0x00000000e0300000, 0x00000000e0300000| Complete 
|   4|0x00000000e0400000, 0x00000000e0500000, 0x00000000e0500000|100%| O|  |TAMS 0x00000000e0400000, 0x00000000e0400000| Untracked 
|   5|0x00000000e0500000, 0x00000000e0600000, 0x00000000e0600000|100%| O|  |TAMS 0x00000000e0500000, 0x00000000e0500000| Untracked 
|   6|0x00000000e0600000, 0x00000000e0700000, 0x00000000e0700000|100%| O|  |TAMS 0x00000000e0600000, 0x00000000e0600000| Untracked 
|   7|0x00000000e0700000, 0x00000000e0800000, 0x00000000e0800000|100%|HS|  |TAMS 0x00000000e0700000, 0x00000000e0700000| Complete 
|   8|0x00000000e0800000, 0x00000000e0800000, 0x00000000e0900000|  0%| F|  |TAMS 0x00000000e0800000, 0x00000000e0800000| Untracked 
|   9|0x00000000e0900000, 0x00000000e0a00000, 0x00000000e0a00000|100%| O|  |TAMS 0x00000000e0900000, 0x00000000e0900000| Untracked 
|  10|0x00000000e0a00000, 0x00000000e0b00000, 0x00000000e0b00000|100%| O|  |TAMS 0x00000000e0a00000, 0x00000000e0a00000| Untracked 
|  11|0x00000000e0b00000, 0x00000000e0b6ec00, 0x00000000e0c00000| 43%| O|  |TAMS 0x00000000e0b00000, 0x00000000e0b00000| Untracked 
|  12|0x00000000e0c00000, 0x00000000e0c00000, 0x00000000e0d00000|  0%| F|  |TAMS 0x00000000e0c00000, 0x00000000e0c00000| Untracked 
|  13|0x00000000e0d00000, 0x00000000e0d00000, 0x00000000e0e00000|  0%| F|  |TAMS 0x00000000e0d00000, 0x00000000e0d00000| Untracked 
|  14|0x00000000e0e00000, 0x00000000e0e00000, 0x00000000e0f00000|  0%| F|  |TAMS 0x00000000e0e00000, 0x00000000e0e00000| Untracked 
|  15|0x00000000e0f00000, 0x00000000e0f00000, 0x00000000e1000000|  0%| F|  |TAMS 0x00000000e0f00000, 0x00000000e0f00000| Untracked 
|  16|0x00000000e1000000, 0x00000000e1000000, 0x00000000e1100000|  0%| F|  |TAMS 0x00000000e1000000, 0x00000000e1000000| Untracked 
|  17|0x00000000e1100000, 0x00000000e1100000, 0x00000000e1200000|  0%| F|  |TAMS 0x00000000e1100000, 0x00000000e1100000| Untracked 
|  18|0x00000000e1200000, 0x00000000e1200000, 0x00000000e1300000|  0%| F|  |TAMS 0x00000000e1200000, 0x00000000e1200000| Untracked 
|  19|0x00000000e1300000, 0x00000000e1300000, 0x00000000e1400000|  0%| F|  |TAMS 0x00000000e1300000, 0x00000000e1300000| Untracked 
|  20|0x00000000e1400000, 0x00000000e1400000, 0x00000000e1500000|  0%| F|  |TAMS 0x00000000e1400000, 0x00000000e1400000| Untracked 
|  21|0x00000000e1500000, 0x00000000e1500000, 0x00000000e1600000|  0%| F|  |TAMS 0x00000000e1500000, 0x00000000e1500000| Untracked 
|  22|0x00000000e1600000, 0x00000000e1600000, 0x00000000e1700000|  0%| F|  |TAMS 0x00000000e1600000, 0x00000000e1600000| Untracked 
|  23|0x00000000e1700000, 0x00000000e1700000, 0x00000000e1800000|  0%| F|  |TAMS 0x00000000e1700000, 0x00000000e1700000| Untracked 
|  24|0x00000000e1800000, 0x00000000e1800000, 0x00000000e1900000|  0%| F|  |TAMS 0x00000000e1800000, 0x00000000e1800000| Untracked 
|  25|0x00000000e1900000, 0x00000000e1900000, 0x00000000e1a00000|  0%| F|  |TAMS 0x00000000e1900000, 0x00000000e1900000| Untracked 
|  26|0x00000000e1a00000, 0x00000000e1a00000, 0x00000000e1b00000|  0%| F|  |TAMS 0x00000000e1a00000, 0x00000000e1a00000| Untracked 
|  27|0x00000000e1b00000, 0x00000000e1b00000, 0x00000000e1c00000|  0%| F|  |TAMS 0x00000000e1b00000, 0x00000000e1b00000| Untracked 
|  28|0x00000000e1c00000, 0x00000000e1c00000, 0x00000000e1d00000|  0%| F|  |TAMS 0x00000000e1c00000, 0x00000000e1c00000| Untracked 
|  29|0x00000000e1d00000, 0x00000000e1d00000, 0x00000000e1e00000|  0%| F|  |TAMS 0x00000000e1d00000, 0x00000000e1d00000| Untracked 
|  30|0x00000000e1e00000, 0x00000000e1e00000, 0x00000000e1f00000|  0%| F|  |TAMS 0x00000000e1e00000, 0x00000000e1e00000| Untracked 
|  31|0x00000000e1f00000, 0x00000000e1f00000, 0x00000000e2000000|  0%| F|  |TAMS 0x00000000e1f00000, 0x00000000e1f00000| Untracked 
|  32|0x00000000e2000000, 0x00000000e2000000, 0x00000000e2100000|  0%| F|  |TAMS 0x00000000e2000000, 0x00000000e2000000| Untracked 
|  33|0x00000000e2100000, 0x00000000e2100000, 0x00000000e2200000|  0%| F|  |TAMS 0x00000000e2100000, 0x00000000e2100000| Untracked 
|  34|0x00000000e2200000, 0x00000000e2200000, 0x00000000e2300000|  0%| F|  |TAMS 0x00000000e2200000, 0x00000000e2200000| Untracked 
|  35|0x00000000e2300000, 0x00000000e2300000, 0x00000000e2400000|  0%| F|  |TAMS 0x00000000e2300000, 0x00000000e2300000| Untracked 
|  36|0x00000000e2400000, 0x00000000e2400000, 0x00000000e2500000|  0%| F|  |TAMS 0x00000000e2400000, 0x00000000e2400000| Untracked 
|  37|0x00000000e2500000, 0x00000000e2500000, 0x00000000e2600000|  0%| F|  |TAMS 0x00000000e2500000, 0x00000000e2500000| Untracked 
|  38|0x00000000e2600000, 0x00000000e2600000, 0x00000000e2700000|  0%| F|  |TAMS 0x00000000e2600000, 0x00000000e2600000| Untracked 
|  39|0x00000000e2700000, 0x00000000e2700000, 0x00000000e2800000|  0%| F|  |TAMS 0x00000000e2700000, 0x00000000e2700000| Untracked 
|  40|0x00000000e2800000, 0x00000000e2800000, 0x00000000e2900000|  0%| F|  |TAMS 0x00000000e2800000, 0x00000000e2800000| Untracked 
|  41|0x00000000e2900000, 0x00000000e2900000, 0x00000000e2a00000|  0%| F|  |TAMS 0x00000000e2900000, 0x00000000e2900000| Untracked 
|  42|0x00000000e2a00000, 0x00000000e2a00000, 0x00000000e2b00000|  0%| F|  |TAMS 0x00000000e2a00000, 0x00000000e2a00000| Untracked 
|  43|0x00000000e2b00000, 0x00000000e2b00000, 0x00000000e2c00000|  0%| F|  |TAMS 0x00000000e2b00000, 0x00000000e2b00000| Untracked 
|  44|0x00000000e2c00000, 0x00000000e2c00000, 0x00000000e2d00000|  0%| F|  |TAMS 0x00000000e2c00000, 0x00000000e2c00000| Untracked 
|  45|0x00000000e2d00000, 0x00000000e2d00000, 0x00000000e2e00000|  0%| F|  |TAMS 0x00000000e2d00000, 0x00000000e2d00000| Untracked 
|  46|0x00000000e2e00000, 0x00000000e2e00000, 0x00000000e2f00000|  0%| F|  |TAMS 0x00000000e2e00000, 0x00000000e2e00000| Untracked 
|  47|0x00000000e2f00000, 0x00000000e2f00000, 0x00000000e3000000|  0%| F|  |TAMS 0x00000000e2f00000, 0x00000000e2f00000| Untracked 
|  48|0x00000000e3000000, 0x00000000e3000000, 0x00000000e3100000|  0%| F|  |TAMS 0x00000000e3000000, 0x00000000e3000000| Untracked 
|  49|0x00000000e3100000, 0x00000000e3100000, 0x00000000e3200000|  0%| F|  |TAMS 0x00000000e3100000, 0x00000000e3100000| Untracked 
|  50|0x00000000e3200000, 0x00000000e3200000, 0x00000000e3300000|  0%| F|  |TAMS 0x00000000e3200000, 0x00000000e3200000| Untracked 
|  51|0x00000000e3300000, 0x00000000e3300000, 0x00000000e3400000|  0%| F|  |TAMS 0x00000000e3300000, 0x00000000e3300000| Untracked 
|  52|0x00000000e3400000, 0x00000000e3400000, 0x00000000e3500000|  0%| F|  |TAMS 0x00000000e3400000, 0x00000000e3400000| Untracked 
|  53|0x00000000e3500000, 0x00000000e3500000, 0x00000000e3600000|  0%| F|  |TAMS 0x00000000e3500000, 0x00000000e3500000| Untracked 
|  54|0x00000000e3600000, 0x00000000e3600000, 0x00000000e3700000|  0%| F|  |TAMS 0x00000000e3600000, 0x00000000e3600000| Untracked 
|  55|0x00000000e3700000, 0x00000000e3700000, 0x00000000e3800000|  0%| F|  |TAMS 0x00000000e3700000, 0x00000000e3700000| Untracked 
|  56|0x00000000e3800000, 0x00000000e3800000, 0x00000000e3900000|  0%| F|  |TAMS 0x00000000e3800000, 0x00000000e3800000| Untracked 
|  57|0x00000000e3900000, 0x00000000e3900000, 0x00000000e3a00000|  0%| F|  |TAMS 0x00000000e3900000, 0x00000000e3900000| Untracked 
|  58|0x00000000e3a00000, 0x00000000e3a00000, 0x00000000e3b00000|  0%| F|  |TAMS 0x00000000e3a00000, 0x00000000e3a00000| Untracked 
|  59|0x00000000e3b00000, 0x00000000e3b00000, 0x00000000e3c00000|  0%| F|  |TAMS 0x00000000e3b00000, 0x00000000e3b00000| Untracked 
|  60|0x00000000e3c00000, 0x00000000e3c00000, 0x00000000e3d00000|  0%| F|  |TAMS 0x00000000e3c00000, 0x00000000e3c00000| Untracked 
|  61|0x00000000e3d00000, 0x00000000e3d00000, 0x00000000e3e00000|  0%| F|  |TAMS 0x00000000e3d00000, 0x00000000e3d00000| Untracked 
|  62|0x00000000e3e00000, 0x00000000e3e00000, 0x00000000e3f00000|  0%| F|  |TAMS 0x00000000e3e00000, 0x00000000e3e00000| Untracked 
|  63|0x00000000e3f00000, 0x00000000e3f00000, 0x00000000e4000000|  0%| F|  |TAMS 0x00000000e3f00000, 0x00000000e3f00000| Untracked 
|  64|0x00000000e4000000, 0x00000000e4000000, 0x00000000e4100000|  0%| F|  |TAMS 0x00000000e4000000, 0x00000000e4000000| Untracked 
|  65|0x00000000e4100000, 0x00000000e4100000, 0x00000000e4200000|  0%| F|  |TAMS 0x00000000e4100000, 0x00000000e4100000| Untracked 
|  66|0x00000000e4200000, 0x00000000e4200000, 0x00000000e4300000|  0%| F|  |TAMS 0x00000000e4200000, 0x00000000e4200000| Untracked 
|  67|0x00000000e4300000, 0x00000000e4300000, 0x00000000e4400000|  0%| F|  |TAMS 0x00000000e4300000, 0x00000000e4300000| Untracked 
|  68|0x00000000e4400000, 0x00000000e4400000, 0x00000000e4500000|  0%| F|  |TAMS 0x00000000e4400000, 0x00000000e4400000| Untracked 
|  69|0x00000000e4500000, 0x00000000e4500000, 0x00000000e4600000|  0%| F|  |TAMS 0x00000000e4500000, 0x00000000e4500000| Untracked 
|  70|0x00000000e4600000, 0x00000000e4600000, 0x00000000e4700000|  0%| F|  |TAMS 0x00000000e4600000, 0x00000000e4600000| Untracked 
|  71|0x00000000e4700000, 0x00000000e4700000, 0x00000000e4800000|  0%| F|  |TAMS 0x00000000e4700000, 0x00000000e4700000| Untracked 
|  72|0x00000000e4800000, 0x00000000e4800000, 0x00000000e4900000|  0%| F|  |TAMS 0x00000000e4800000, 0x00000000e4800000| Untracked 
|  73|0x00000000e4900000, 0x00000000e4900000, 0x00000000e4a00000|  0%| F|  |TAMS 0x00000000e4900000, 0x00000000e4900000| Untracked 
|  74|0x00000000e4a00000, 0x00000000e4a00000, 0x00000000e4b00000|  0%| F|  |TAMS 0x00000000e4a00000, 0x00000000e4a00000| Untracked 
|  75|0x00000000e4b00000, 0x00000000e4b00000, 0x00000000e4c00000|  0%| F|  |TAMS 0x00000000e4b00000, 0x00000000e4b00000| Untracked 
|  76|0x00000000e4c00000, 0x00000000e4c00000, 0x00000000e4d00000|  0%| F|  |TAMS 0x00000000e4c00000, 0x00000000e4c00000| Untracked 
|  77|0x00000000e4d00000, 0x00000000e4d00000, 0x00000000e4e00000|  0%| F|  |TAMS 0x00000000e4d00000, 0x00000000e4d00000| Untracked 
|  78|0x00000000e4e00000, 0x00000000e4e00000, 0x00000000e4f00000|  0%| F|  |TAMS 0x00000000e4e00000, 0x00000000e4e00000| Untracked 
|  79|0x00000000e4f00000, 0x00000000e4f00000, 0x00000000e5000000|  0%| F|  |TAMS 0x00000000e4f00000, 0x00000000e4f00000| Untracked 
|  80|0x00000000e5000000, 0x00000000e5000000, 0x00000000e5100000|  0%| F|  |TAMS 0x00000000e5000000, 0x00000000e5000000| Untracked 
|  81|0x00000000e5100000, 0x00000000e5100000, 0x00000000e5200000|  0%| F|  |TAMS 0x00000000e5100000, 0x00000000e5100000| Untracked 
|  82|0x00000000e5200000, 0x00000000e5200000, 0x00000000e5300000|  0%| F|  |TAMS 0x00000000e5200000, 0x00000000e5200000| Untracked 
|  83|0x00000000e5300000, 0x00000000e5300000, 0x00000000e5400000|  0%| F|  |TAMS 0x00000000e5300000, 0x00000000e5300000| Untracked 
|  84|0x00000000e5400000, 0x00000000e5400000, 0x00000000e5500000|  0%| F|  |TAMS 0x00000000e5400000, 0x00000000e5400000| Untracked 
|  85|0x00000000e5500000, 0x00000000e5500000, 0x00000000e5600000|  0%| F|  |TAMS 0x00000000e5500000, 0x00000000e5500000| Untracked 
|  86|0x00000000e5600000, 0x00000000e5600000, 0x00000000e5700000|  0%| F|  |TAMS 0x00000000e5600000, 0x00000000e5600000| Untracked 
|  87|0x00000000e5700000, 0x00000000e5700000, 0x00000000e5800000|  0%| F|  |TAMS 0x00000000e5700000, 0x00000000e5700000| Untracked 
|  88|0x00000000e5800000, 0x00000000e5800000, 0x00000000e5900000|  0%| F|  |TAMS 0x00000000e5800000, 0x00000000e5800000| Untracked 
|  89|0x00000000e5900000, 0x00000000e5900000, 0x00000000e5a00000|  0%| F|  |TAMS 0x00000000e5900000, 0x00000000e5900000| Untracked 
|  90|0x00000000e5a00000, 0x00000000e5a00000, 0x00000000e5b00000|  0%| F|  |TAMS 0x00000000e5a00000, 0x00000000e5a00000| Untracked 
|  91|0x00000000e5b00000, 0x00000000e5b00000, 0x00000000e5c00000|  0%| F|  |TAMS 0x00000000e5b00000, 0x00000000e5b00000| Untracked 
|  92|0x00000000e5c00000, 0x00000000e5c00000, 0x00000000e5d00000|  0%| F|  |TAMS 0x00000000e5c00000, 0x00000000e5c00000| Untracked 
|  93|0x00000000e5d00000, 0x00000000e5d00000, 0x00000000e5e00000|  0%| F|  |TAMS 0x00000000e5d00000, 0x00000000e5d00000| Untracked 
|  94|0x00000000e5e00000, 0x00000000e5e00000, 0x00000000e5f00000|  0%| F|  |TAMS 0x00000000e5e00000, 0x00000000e5e00000| Untracked 
|  95|0x00000000e5f00000, 0x00000000e5f00000, 0x00000000e6000000|  0%| F|  |TAMS 0x00000000e5f00000, 0x00000000e5f00000| Untracked 
|  96|0x00000000e6000000, 0x00000000e6000000, 0x00000000e6100000|  0%| F|  |TAMS 0x00000000e6000000, 0x00000000e6000000| Untracked 
|  97|0x00000000e6100000, 0x00000000e6100000, 0x00000000e6200000|  0%| F|  |TAMS 0x00000000e6100000, 0x00000000e6100000| Untracked 
|  98|0x00000000e6200000, 0x00000000e6200000, 0x00000000e6300000|  0%| F|  |TAMS 0x00000000e6200000, 0x00000000e6200000| Untracked 
|  99|0x00000000e6300000, 0x00000000e6300000, 0x00000000e6400000|  0%| F|  |TAMS 0x00000000e6300000, 0x00000000e6300000| Untracked 
| 100|0x00000000e6400000, 0x00000000e6400000, 0x00000000e6500000|  0%| F|  |TAMS 0x00000000e6400000, 0x00000000e6400000| Untracked 
| 101|0x00000000e6500000, 0x00000000e6500000, 0x00000000e6600000|  0%| F|  |TAMS 0x00000000e6500000, 0x00000000e6500000| Untracked 
| 102|0x00000000e6600000, 0x00000000e6600000, 0x00000000e6700000|  0%| F|  |TAMS 0x00000000e6600000, 0x00000000e6600000| Untracked 
| 103|0x00000000e6700000, 0x00000000e6700000, 0x00000000e6800000|  0%| F|  |TAMS 0x00000000e6700000, 0x00000000e6700000| Untracked 
| 104|0x00000000e6800000, 0x00000000e6800000, 0x00000000e6900000|  0%| F|  |TAMS 0x00000000e6800000, 0x00000000e6800000| Untracked 
| 105|0x00000000e6900000, 0x00000000e6900000, 0x00000000e6a00000|  0%| F|  |TAMS 0x00000000e6900000, 0x00000000e6900000| Untracked 
| 106|0x00000000e6a00000, 0x00000000e6a00000, 0x00000000e6b00000|  0%| F|  |TAMS 0x00000000e6a00000, 0x00000000e6a00000| Untracked 
| 107|0x00000000e6b00000, 0x00000000e6b00000, 0x00000000e6c00000|  0%| F|  |TAMS 0x00000000e6b00000, 0x00000000e6b00000| Untracked 
| 108|0x00000000e6c00000, 0x00000000e6c00000, 0x00000000e6d00000|  0%| F|  |TAMS 0x00000000e6c00000, 0x00000000e6c00000| Untracked 
| 109|0x00000000e6d00000, 0x00000000e6d00000, 0x00000000e6e00000|  0%| F|  |TAMS 0x00000000e6d00000, 0x00000000e6d00000| Untracked 
| 110|0x00000000e6e00000, 0x00000000e6e00000, 0x00000000e6f00000|  0%| F|  |TAMS 0x00000000e6e00000, 0x00000000e6e00000| Untracked 
| 111|0x00000000e6f00000, 0x00000000e6f00000, 0x00000000e7000000|  0%| F|  |TAMS 0x00000000e6f00000, 0x00000000e6f00000| Untracked 
| 112|0x00000000e7000000, 0x00000000e7000000, 0x00000000e7100000|  0%| F|  |TAMS 0x00000000e7000000, 0x00000000e7000000| Untracked 
| 113|0x00000000e7100000, 0x00000000e7100000, 0x00000000e7200000|  0%| F|  |TAMS 0x00000000e7100000, 0x00000000e7100000| Untracked 
| 114|0x00000000e7200000, 0x00000000e7200000, 0x00000000e7300000|  0%| F|  |TAMS 0x00000000e7200000, 0x00000000e7200000| Untracked 
| 115|0x00000000e7300000, 0x00000000e7300000, 0x00000000e7400000|  0%| F|  |TAMS 0x00000000e7300000, 0x00000000e7300000| Untracked 
| 116|0x00000000e7400000, 0x00000000e7400000, 0x00000000e7500000|  0%| F|  |TAMS 0x00000000e7400000, 0x00000000e7400000| Untracked 
| 117|0x00000000e7500000, 0x00000000e7500000, 0x00000000e7600000|  0%| F|  |TAMS 0x00000000e7500000, 0x00000000e7500000| Untracked 
| 118|0x00000000e7600000, 0x00000000e7600000, 0x00000000e7700000|  0%| F|  |TAMS 0x00000000e7600000, 0x00000000e7600000| Untracked 
| 119|0x00000000e7700000, 0x00000000e7700000, 0x00000000e7800000|  0%| F|  |TAMS 0x00000000e7700000, 0x00000000e7700000| Untracked 
| 120|0x00000000e7800000, 0x00000000e7800000, 0x00000000e7900000|  0%| F|  |TAMS 0x00000000e7800000, 0x00000000e7800000| Untracked 
| 121|0x00000000e7900000, 0x00000000e7900000, 0x00000000e7a00000|  0%| F|  |TAMS 0x00000000e7900000, 0x00000000e7900000| Untracked 
| 122|0x00000000e7a00000, 0x00000000e7a00000, 0x00000000e7b00000|  0%| F|  |TAMS 0x00000000e7a00000, 0x00000000e7a00000| Untracked 
| 123|0x00000000e7b00000, 0x00000000e7b00000, 0x00000000e7c00000|  0%| F|  |TAMS 0x00000000e7b00000, 0x00000000e7b00000| Untracked 
| 124|0x00000000e7c00000, 0x00000000e7c00000, 0x00000000e7d00000|  0%| F|  |TAMS 0x00000000e7c00000, 0x00000000e7c00000| Untracked 
| 125|0x00000000e7d00000, 0x00000000e7d00000, 0x00000000e7e00000|  0%| F|  |TAMS 0x00000000e7d00000, 0x00000000e7d00000| Untracked 
| 126|0x00000000e7e00000, 0x00000000e7e00000, 0x00000000e7f00000|  0%| F|  |TAMS 0x00000000e7e00000, 0x00000000e7e00000| Untracked 
| 127|0x00000000e7f00000, 0x00000000e7f00000, 0x00000000e8000000|  0%| F|  |TAMS 0x00000000e7f00000, 0x00000000e7f00000| Untracked 
| 128|0x00000000e8000000, 0x00000000e8000000, 0x00000000e8100000|  0%| F|  |TAMS 0x00000000e8000000, 0x00000000e8000000| Untracked 
| 129|0x00000000e8100000, 0x00000000e8100000, 0x00000000e8200000|  0%| F|  |TAMS 0x00000000e8100000, 0x00000000e8100000| Untracked 
| 130|0x00000000e8200000, 0x00000000e8200000, 0x00000000e8300000|  0%| F|  |TAMS 0x00000000e8200000, 0x00000000e8200000| Untracked 
| 131|0x00000000e8300000, 0x00000000e8300000, 0x00000000e8400000|  0%| F|  |TAMS 0x00000000e8300000, 0x00000000e8300000| Untracked 
| 132|0x00000000e8400000, 0x00000000e8400000, 0x00000000e8500000|  0%| F|  |TAMS 0x00000000e8400000, 0x00000000e8400000| Untracked 
| 133|0x00000000e8500000, 0x00000000e8500000, 0x00000000e8600000|  0%| F|  |TAMS 0x00000000e8500000, 0x00000000e8500000| Untracked 
| 134|0x00000000e8600000, 0x00000000e8600000, 0x00000000e8700000|  0%| F|  |TAMS 0x00000000e8600000, 0x00000000e8600000| Untracked 
| 135|0x00000000e8700000, 0x00000000e8700000, 0x00000000e8800000|  0%| F|  |TAMS 0x00000000e8700000, 0x00000000e8700000| Untracked 
| 136|0x00000000e8800000, 0x00000000e8800000, 0x00000000e8900000|  0%| F|  |TAMS 0x00000000e8800000, 0x00000000e8800000| Untracked 
| 137|0x00000000e8900000, 0x00000000e8900000, 0x00000000e8a00000|  0%| F|  |TAMS 0x00000000e8900000, 0x00000000e8900000| Untracked 
| 138|0x00000000e8a00000, 0x00000000e8a00000, 0x00000000e8b00000|  0%| F|  |TAMS 0x00000000e8a00000, 0x00000000e8a00000| Untracked 
| 139|0x00000000e8b00000, 0x00000000e8b00000, 0x00000000e8c00000|  0%| F|  |TAMS 0x00000000e8b00000, 0x00000000e8b00000| Untracked 
| 140|0x00000000e8c00000, 0x00000000e8c00000, 0x00000000e8d00000|  0%| F|  |TAMS 0x00000000e8c00000, 0x00000000e8c00000| Untracked 
| 141|0x00000000e8d00000, 0x00000000e8d00000, 0x00000000e8e00000|  0%| F|  |TAMS 0x00000000e8d00000, 0x00000000e8d00000| Untracked 
| 142|0x00000000e8e00000, 0x00000000e8e00000, 0x00000000e8f00000|  0%| F|  |TAMS 0x00000000e8e00000, 0x00000000e8e00000| Untracked 
| 143|0x00000000e8f00000, 0x00000000e8f00000, 0x00000000e9000000|  0%| F|  |TAMS 0x00000000e8f00000, 0x00000000e8f00000| Untracked 
| 144|0x00000000e9000000, 0x00000000e9000000, 0x00000000e9100000|  0%| F|  |TAMS 0x00000000e9000000, 0x00000000e9000000| Untracked 
| 145|0x00000000e9100000, 0x00000000e9100000, 0x00000000e9200000|  0%| F|  |TAMS 0x00000000e9100000, 0x00000000e9100000| Untracked 
| 146|0x00000000e9200000, 0x00000000e9200000, 0x00000000e9300000|  0%| F|  |TAMS 0x00000000e9200000, 0x00000000e9200000| Untracked 
| 147|0x00000000e9300000, 0x00000000e9300000, 0x00000000e9400000|  0%| F|  |TAMS 0x00000000e9300000, 0x00000000e9300000| Untracked 
| 148|0x00000000e9400000, 0x00000000e9400000, 0x00000000e9500000|  0%| F|  |TAMS 0x00000000e9400000, 0x00000000e9400000| Untracked 
| 149|0x00000000e9500000, 0x00000000e9500000, 0x00000000e9600000|  0%| F|  |TAMS 0x00000000e9500000, 0x00000000e9500000| Untracked 
| 150|0x00000000e9600000, 0x00000000e9600000, 0x00000000e9700000|  0%| F|  |TAMS 0x00000000e9600000, 0x00000000e9600000| Untracked 
| 151|0x00000000e9700000, 0x00000000e9700000, 0x00000000e9800000|  0%| F|  |TAMS 0x00000000e9700000, 0x00000000e9700000| Untracked 
| 152|0x00000000e9800000, 0x00000000e9800000, 0x00000000e9900000|  0%| F|  |TAMS 0x00000000e9800000, 0x00000000e9800000| Untracked 
| 153|0x00000000e9900000, 0x00000000e9900000, 0x00000000e9a00000|  0%| F|  |TAMS 0x00000000e9900000, 0x00000000e9900000| Untracked 
| 154|0x00000000e9a00000, 0x00000000e9a00000, 0x00000000e9b00000|  0%| F|  |TAMS 0x00000000e9a00000, 0x00000000e9a00000| Untracked 
| 155|0x00000000e9b00000, 0x00000000e9b00000, 0x00000000e9c00000|  0%| F|  |TAMS 0x00000000e9b00000, 0x00000000e9b00000| Untracked 
| 156|0x00000000e9c00000, 0x00000000e9c00000, 0x00000000e9d00000|  0%| F|  |TAMS 0x00000000e9c00000, 0x00000000e9c00000| Untracked 
| 157|0x00000000e9d00000, 0x00000000e9d00000, 0x00000000e9e00000|  0%| F|  |TAMS 0x00000000e9d00000, 0x00000000e9d00000| Untracked 
| 158|0x00000000e9e00000, 0x00000000e9e00000, 0x00000000e9f00000|  0%| F|  |TAMS 0x00000000e9e00000, 0x00000000e9e00000| Untracked 
| 159|0x00000000e9f00000, 0x00000000e9f00000, 0x00000000ea000000|  0%| F|  |TAMS 0x00000000e9f00000, 0x00000000e9f00000| Untracked 
| 160|0x00000000ea000000, 0x00000000ea000000, 0x00000000ea100000|  0%| F|  |TAMS 0x00000000ea000000, 0x00000000ea000000| Untracked 
| 161|0x00000000ea100000, 0x00000000ea100000, 0x00000000ea200000|  0%| F|  |TAMS 0x00000000ea100000, 0x00000000ea100000| Untracked 
| 162|0x00000000ea200000, 0x00000000ea200000, 0x00000000ea300000|  0%| F|  |TAMS 0x00000000ea200000, 0x00000000ea200000| Untracked 
| 163|0x00000000ea300000, 0x00000000ea300000, 0x00000000ea400000|  0%| F|  |TAMS 0x00000000ea300000, 0x00000000ea300000| Untracked 
| 164|0x00000000ea400000, 0x00000000ea400000, 0x00000000ea500000|  0%| F|  |TAMS 0x00000000ea400000, 0x00000000ea400000| Untracked 
| 165|0x00000000ea500000, 0x00000000ea500000, 0x00000000ea600000|  0%| F|  |TAMS 0x00000000ea500000, 0x00000000ea500000| Untracked 
| 166|0x00000000ea600000, 0x00000000ea600000, 0x00000000ea700000|  0%| F|  |TAMS 0x00000000ea600000, 0x00000000ea600000| Untracked 
| 167|0x00000000ea700000, 0x00000000ea700000, 0x00000000ea800000|  0%| F|  |TAMS 0x00000000ea700000, 0x00000000ea700000| Untracked 
| 168|0x00000000ea800000, 0x00000000ea800000, 0x00000000ea900000|  0%| F|  |TAMS 0x00000000ea800000, 0x00000000ea800000| Untracked 
| 169|0x00000000ea900000, 0x00000000ea900000, 0x00000000eaa00000|  0%| F|  |TAMS 0x00000000ea900000, 0x00000000ea900000| Untracked 
| 170|0x00000000eaa00000, 0x00000000eaa00000, 0x00000000eab00000|  0%| F|  |TAMS 0x00000000eaa00000, 0x00000000eaa00000| Untracked 
| 171|0x00000000eab00000, 0x00000000eab00000, 0x00000000eac00000|  0%| F|  |TAMS 0x00000000eab00000, 0x00000000eab00000| Untracked 
| 172|0x00000000eac00000, 0x00000000eac00000, 0x00000000ead00000|  0%| F|  |TAMS 0x00000000eac00000, 0x00000000eac00000| Untracked 
| 173|0x00000000ead00000, 0x00000000ead00000, 0x00000000eae00000|  0%| F|  |TAMS 0x00000000ead00000, 0x00000000ead00000| Untracked 
| 174|0x00000000eae00000, 0x00000000eae00000, 0x00000000eaf00000|  0%| F|  |TAMS 0x00000000eae00000, 0x00000000eae00000| Untracked 
| 175|0x00000000eaf00000, 0x00000000eaf00000, 0x00000000eb000000|  0%| F|  |TAMS 0x00000000eaf00000, 0x00000000eaf00000| Untracked 
| 176|0x00000000eb000000, 0x00000000eb000000, 0x00000000eb100000|  0%| F|  |TAMS 0x00000000eb000000, 0x00000000eb000000| Untracked 
| 177|0x00000000eb100000, 0x00000000eb100000, 0x00000000eb200000|  0%| F|  |TAMS 0x00000000eb100000, 0x00000000eb100000| Untracked 
| 178|0x00000000eb200000, 0x00000000eb200000, 0x00000000eb300000|  0%| F|  |TAMS 0x00000000eb200000, 0x00000000eb200000| Untracked 
| 179|0x00000000eb300000, 0x00000000eb300000, 0x00000000eb400000|  0%| F|  |TAMS 0x00000000eb300000, 0x00000000eb300000| Untracked 
| 180|0x00000000eb400000, 0x00000000eb400000, 0x00000000eb500000|  0%| F|  |TAMS 0x00000000eb400000, 0x00000000eb400000| Untracked 
| 181|0x00000000eb500000, 0x00000000eb500000, 0x00000000eb600000|  0%| F|  |TAMS 0x00000000eb500000, 0x00000000eb500000| Untracked 
| 182|0x00000000eb600000, 0x00000000eb600000, 0x00000000eb700000|  0%| F|  |TAMS 0x00000000eb600000, 0x00000000eb600000| Untracked 
| 183|0x00000000eb700000, 0x00000000eb700000, 0x00000000eb800000|  0%| F|  |TAMS 0x00000000eb700000, 0x00000000eb700000| Untracked 
| 184|0x00000000eb800000, 0x00000000eb800000, 0x00000000eb900000|  0%| F|  |TAMS 0x00000000eb800000, 0x00000000eb800000| Untracked 
| 185|0x00000000eb900000, 0x00000000eb900000, 0x00000000eba00000|  0%| F|  |TAMS 0x00000000eb900000, 0x00000000eb900000| Untracked 
| 186|0x00000000eba00000, 0x00000000eba00000, 0x00000000ebb00000|  0%| F|  |TAMS 0x00000000eba00000, 0x00000000eba00000| Untracked 
| 187|0x00000000ebb00000, 0x00000000ebb00000, 0x00000000ebc00000|  0%| F|  |TAMS 0x00000000ebb00000, 0x00000000ebb00000| Untracked 
| 188|0x00000000ebc00000, 0x00000000ebc00000, 0x00000000ebd00000|  0%| F|  |TAMS 0x00000000ebc00000, 0x00000000ebc00000| Untracked 
| 189|0x00000000ebd00000, 0x00000000ebd00000, 0x00000000ebe00000|  0%| F|  |TAMS 0x00000000ebd00000, 0x00000000ebd00000| Untracked 
| 190|0x00000000ebe00000, 0x00000000ebe00000, 0x00000000ebf00000|  0%| F|  |TAMS 0x00000000ebe00000, 0x00000000ebe00000| Untracked 
| 191|0x00000000ebf00000, 0x00000000ebf00000, 0x00000000ec000000|  0%| F|  |TAMS 0x00000000ebf00000, 0x00000000ebf00000| Untracked 
| 192|0x00000000ec000000, 0x00000000ec000000, 0x00000000ec100000|  0%| F|  |TAMS 0x00000000ec000000, 0x00000000ec000000| Untracked 
| 193|0x00000000ec100000, 0x00000000ec100000, 0x00000000ec200000|  0%| F|  |TAMS 0x00000000ec100000, 0x00000000ec100000| Untracked 
| 194|0x00000000ec200000, 0x00000000ec200000, 0x00000000ec300000|  0%| F|  |TAMS 0x00000000ec200000, 0x00000000ec200000| Untracked 
| 195|0x00000000ec300000, 0x00000000ec300000, 0x00000000ec400000|  0%| F|  |TAMS 0x00000000ec300000, 0x00000000ec300000| Untracked 
| 196|0x00000000ec400000, 0x00000000ec400000, 0x00000000ec500000|  0%| F|  |TAMS 0x00000000ec400000, 0x00000000ec400000| Untracked 
| 197|0x00000000ec500000, 0x00000000ec500000, 0x00000000ec600000|  0%| F|  |TAMS 0x00000000ec500000, 0x00000000ec500000| Untracked 
| 198|0x00000000ec600000, 0x00000000ec600000, 0x00000000ec700000|  0%| F|  |TAMS 0x00000000ec600000, 0x00000000ec600000| Untracked 
| 199|0x00000000ec700000, 0x00000000ec700000, 0x00000000ec800000|  0%| F|  |TAMS 0x00000000ec700000, 0x00000000ec700000| Untracked 
| 200|0x00000000ec800000, 0x00000000ec900000, 0x00000000ec900000|100%| S|CS|TAMS 0x00000000ec800000, 0x00000000ec800000| Complete 
| 201|0x00000000ec900000, 0x00000000eca00000, 0x00000000eca00000|100%| S|CS|TAMS 0x00000000ec900000, 0x00000000ec900000| Complete 
| 202|0x00000000eca00000, 0x00000000ecb00000, 0x00000000ecb00000|100%| S|CS|TAMS 0x00000000eca00000, 0x00000000eca00000| Complete 
| 203|0x00000000ecb00000, 0x00000000ecc00000, 0x00000000ecc00000|100%| S|CS|TAMS 0x00000000ecb00000, 0x00000000ecb00000| Complete 
| 204|0x00000000ecc00000, 0x00000000ecd00000, 0x00000000ecd00000|100%| S|CS|TAMS 0x00000000ecc00000, 0x00000000ecc00000| Complete 
| 205|0x00000000ecd00000, 0x00000000ece00000, 0x00000000ece00000|100%| S|CS|TAMS 0x00000000ecd00000, 0x00000000ecd00000| Complete 
| 206|0x00000000ece00000, 0x00000000ecf00000, 0x00000000ecf00000|100%| S|CS|TAMS 0x00000000ece00000, 0x00000000ece00000| Complete 
| 207|0x00000000ecf00000, 0x00000000ecf00000, 0x00000000ed000000|  0%| F|  |TAMS 0x00000000ecf00000, 0x00000000ecf00000| Untracked 
| 208|0x00000000ed000000, 0x00000000ed000000, 0x00000000ed100000|  0%| F|  |TAMS 0x00000000ed000000, 0x00000000ed000000| Untracked 
| 209|0x00000000ed100000, 0x00000000ed100000, 0x00000000ed200000|  0%| F|  |TAMS 0x00000000ed100000, 0x00000000ed100000| Untracked 
| 210|0x00000000ed200000, 0x00000000ed200000, 0x00000000ed300000|  0%| F|  |TAMS 0x00000000ed200000, 0x00000000ed200000| Untracked 
| 211|0x00000000ed300000, 0x00000000ed300000, 0x00000000ed400000|  0%| F|  |TAMS 0x00000000ed300000, 0x00000000ed300000| Untracked 
| 212|0x00000000ed400000, 0x00000000ed400000, 0x00000000ed500000|  0%| F|  |TAMS 0x00000000ed400000, 0x00000000ed400000| Untracked 
| 213|0x00000000ed500000, 0x00000000ed500000, 0x00000000ed600000|  0%| F|  |TAMS 0x00000000ed500000, 0x00000000ed500000| Untracked 
| 214|0x00000000ed600000, 0x00000000ed600000, 0x00000000ed700000|  0%| F|  |TAMS 0x00000000ed600000, 0x00000000ed600000| Untracked 
| 215|0x00000000ed700000, 0x00000000ed700000, 0x00000000ed800000|  0%| F|  |TAMS 0x00000000ed700000, 0x00000000ed700000| Untracked 
| 216|0x00000000ed800000, 0x00000000ed800000, 0x00000000ed900000|  0%| F|  |TAMS 0x00000000ed800000, 0x00000000ed800000| Untracked 
| 217|0x00000000ed900000, 0x00000000ed900000, 0x00000000eda00000|  0%| F|  |TAMS 0x00000000ed900000, 0x00000000ed900000| Untracked 
| 218|0x00000000eda00000, 0x00000000edb00000, 0x00000000edb00000|100%| E|  |TAMS 0x00000000eda00000, 0x00000000eda00000| Complete 
| 219|0x00000000edb00000, 0x00000000edc00000, 0x00000000edc00000|100%| E|CS|TAMS 0x00000000edb00000, 0x00000000edb00000| Complete 
| 220|0x00000000edc00000, 0x00000000edd00000, 0x00000000edd00000|100%| E|CS|TAMS 0x00000000edc00000, 0x00000000edc00000| Complete 
| 221|0x00000000edd00000, 0x00000000ede00000, 0x00000000ede00000|100%| E|CS|TAMS 0x00000000edd00000, 0x00000000edd00000| Complete 
| 222|0x00000000ede00000, 0x00000000edf00000, 0x00000000edf00000|100%| E|CS|TAMS 0x00000000ede00000, 0x00000000ede00000| Complete 
| 223|0x00000000edf00000, 0x00000000ee000000, 0x00000000ee000000|100%| E|CS|TAMS 0x00000000edf00000, 0x00000000edf00000| Complete 
| 224|0x00000000ee000000, 0x00000000ee100000, 0x00000000ee100000|100%| E|CS|TAMS 0x00000000ee000000, 0x00000000ee000000| Complete 
| 225|0x00000000ee100000, 0x00000000ee200000, 0x00000000ee200000|100%| E|CS|TAMS 0x00000000ee100000, 0x00000000ee100000| Complete 
| 226|0x00000000ee200000, 0x00000000ee300000, 0x00000000ee300000|100%| E|CS|TAMS 0x00000000ee200000, 0x00000000ee200000| Complete 
| 227|0x00000000ee300000, 0x00000000ee400000, 0x00000000ee400000|100%| E|CS|TAMS 0x00000000ee300000, 0x00000000ee300000| Complete 
| 228|0x00000000ee400000, 0x00000000ee500000, 0x00000000ee500000|100%| E|CS|TAMS 0x00000000ee400000, 0x00000000ee400000| Complete 
| 229|0x00000000ee500000, 0x00000000ee600000, 0x00000000ee600000|100%| E|CS|TAMS 0x00000000ee500000, 0x00000000ee500000| Complete 
| 230|0x00000000ee600000, 0x00000000ee700000, 0x00000000ee700000|100%| E|CS|TAMS 0x00000000ee600000, 0x00000000ee600000| Complete 
| 231|0x00000000ee700000, 0x00000000ee800000, 0x00000000ee800000|100%| E|CS|TAMS 0x00000000ee700000, 0x00000000ee700000| Complete 
| 232|0x00000000ee800000, 0x00000000ee900000, 0x00000000ee900000|100%| E|CS|TAMS 0x00000000ee800000, 0x00000000ee800000| Complete 
| 233|0x00000000ee900000, 0x00000000eea00000, 0x00000000eea00000|100%| E|CS|TAMS 0x00000000ee900000, 0x00000000ee900000| Complete 
| 234|0x00000000eea00000, 0x00000000eeb00000, 0x00000000eeb00000|100%| E|CS|TAMS 0x00000000eea00000, 0x00000000eea00000| Complete 
| 235|0x00000000eeb00000, 0x00000000eec00000, 0x00000000eec00000|100%| E|CS|TAMS 0x00000000eeb00000, 0x00000000eeb00000| Complete 
| 236|0x00000000eec00000, 0x00000000eed00000, 0x00000000eed00000|100%| E|CS|TAMS 0x00000000eec00000, 0x00000000eec00000| Complete 
| 237|0x00000000eed00000, 0x00000000eee00000, 0x00000000eee00000|100%| E|CS|TAMS 0x00000000eed00000, 0x00000000eed00000| Complete 
| 238|0x00000000eee00000, 0x00000000eef00000, 0x00000000eef00000|100%| E|CS|TAMS 0x00000000eee00000, 0x00000000eee00000| Complete 
| 239|0x00000000eef00000, 0x00000000ef000000, 0x00000000ef000000|100%| E|CS|TAMS 0x00000000eef00000, 0x00000000eef00000| Complete 
| 240|0x00000000ef000000, 0x00000000ef100000, 0x00000000ef100000|100%| E|CS|TAMS 0x00000000ef000000, 0x00000000ef000000| Complete 
| 241|0x00000000ef100000, 0x00000000ef200000, 0x00000000ef200000|100%| E|CS|TAMS 0x00000000ef100000, 0x00000000ef100000| Complete 
| 242|0x00000000ef200000, 0x00000000ef300000, 0x00000000ef300000|100%| E|CS|TAMS 0x00000000ef200000, 0x00000000ef200000| Complete 
| 243|0x00000000ef300000, 0x00000000ef400000, 0x00000000ef400000|100%| E|CS|TAMS 0x00000000ef300000, 0x00000000ef300000| Complete 
| 244|0x00000000ef400000, 0x00000000ef500000, 0x00000000ef500000|100%| E|CS|TAMS 0x00000000ef400000, 0x00000000ef400000| Complete 
| 245|0x00000000ef500000, 0x00000000ef600000, 0x00000000ef600000|100%| E|CS|TAMS 0x00000000ef500000, 0x00000000ef500000| Complete 
| 246|0x00000000ef600000, 0x00000000ef700000, 0x00000000ef700000|100%| E|CS|TAMS 0x00000000ef600000, 0x00000000ef600000| Complete 
| 247|0x00000000ef700000, 0x00000000ef800000, 0x00000000ef800000|100%| E|CS|TAMS 0x00000000ef700000, 0x00000000ef700000| Complete 
| 248|0x00000000ef800000, 0x00000000ef900000, 0x00000000ef900000|100%| E|CS|TAMS 0x00000000ef800000, 0x00000000ef800000| Complete 
| 249|0x00000000ef900000, 0x00000000efa00000, 0x00000000efa00000|100%| E|CS|TAMS 0x00000000ef900000, 0x00000000ef900000| Complete 
| 250|0x00000000efa00000, 0x00000000efb00000, 0x00000000efb00000|100%| E|CS|TAMS 0x00000000efa00000, 0x00000000efa00000| Complete 
| 251|0x00000000efb00000, 0x00000000efc00000, 0x00000000efc00000|100%| E|CS|TAMS 0x00000000efb00000, 0x00000000efb00000| Complete 
| 252|0x00000000efc00000, 0x00000000efd00000, 0x00000000efd00000|100%| E|CS|TAMS 0x00000000efc00000, 0x00000000efc00000| Complete 
| 253|0x00000000efd00000, 0x00000000efe00000, 0x00000000efe00000|100%| E|CS|TAMS 0x00000000efd00000, 0x00000000efd00000| Complete 
| 254|0x00000000efe00000, 0x00000000eff00000, 0x00000000eff00000|100%| E|CS|TAMS 0x00000000efe00000, 0x00000000efe00000| Complete 
| 255|0x00000000eff00000, 0x00000000f0000000, 0x00000000f0000000|100%| E|CS|TAMS 0x00000000eff00000, 0x00000000eff00000| Complete 

Card table byte_map: [0x000001f9492d0000,0x000001f9493d0000] _byte_map_base: 0x000001f948bd0000

Marking Bits (Prev, Next): (CMBitMap*) 0x000001f9318a4a90, (CMBitMap*) 0x000001f9318a4ad0
 Prev Bits: [0x000001f9494d0000, 0x000001f949cd0000)
 Next Bits: [0x000001f949cd0000, 0x000001f94a4d0000)

Polling page: 0x000001f92fde0000

Metaspace:

Usage:
  Non-class:     11.48 MB used.
      Class:      1.80 MB used.
       Both:     13.28 MB used.

Virtual space:
  Non-class space:       64.00 MB reserved,      11.62 MB ( 18%) committed,  1 nodes.
      Class space:      320.00 MB reserved,       1.94 MB ( <1%) committed,  1 nodes.
             Both:      384.00 MB reserved,      13.56 MB (  4%) committed. 

Chunk freelists:
   Non-Class:  4.00 MB
       Class:  14.08 MB
        Both:  18.08 MB

MaxMetaspaceSize: 384.00 MB
CompressedClassSpaceSize: 320.00 MB
Initial GC threshold: 21.00 MB
Current GC threshold: 21.00 MB
CDS: on
MetaspaceReclaimPolicy: balanced
 - commit_granule_bytes: 65536.
 - commit_granule_words: 8192.
 - virtual_space_node_default_size: 8388608.
 - enlarge_chunks_in_place: 1.
 - new_chunks_are_fully_committed: 0.
 - uncommit_free_chunks: 1.
 - use_allocation_guard: 0.
 - handle_deallocations: 1.


Internal statistics:

num_allocs_failed_limit: 0.
num_arena_births: 196.
num_arena_deaths: 0.
num_vsnodes_births: 2.
num_vsnodes_deaths: 0.
num_space_committed: 217.
num_space_uncommitted: 0.
num_chunks_returned_to_freelist: 0.
num_chunks_taken_from_freelist: 615.
num_chunk_merges: 0.
num_chunk_splits: 396.
num_chunks_enlarged: 283.
num_inconsistent_stats: 0.

CodeHeap 'non-profiled nmethods': size=119168Kb used=1137Kb max_used=1137Kb free=118030Kb
 bounds [0x000001f940dc0000, 0x000001f941030000, 0x000001f948220000]
CodeHeap 'profiled nmethods': size=119104Kb used=5063Kb max_used=5063Kb free=114040Kb
 bounds [0x000001f939220000, 0x000001f939720000, 0x000001f940670000]
CodeHeap 'non-nmethods': size=7488Kb used=1217Kb max_used=2895Kb free=6271Kb
 bounds [0x000001f940670000, 0x000001f940950000, 0x000001f940dc0000]
 total_blobs=2980 nmethods=2460 adapters=432
 compilation: enabled
              stopped_count=0, restarted_count=0
 full_count=0

Compilation events (20 events):
Event: 8.728 Thread 0x000001f94d5d4ab0 nmethod 2443 0x000001f939706d90 code [0x000001f939707020, 0x000001f939707b48]
Event: 8.728 Thread 0x000001f94d5d4ab0 2454       3       jdk.internal.org.objectweb.asm.ClassWriter::toByteArray (1515 bytes)
Event: 8.735 Thread 0x000001f94d5d4ab0 nmethod 2454 0x000001f939707e10 code [0x000001f939708740, 0x000001f93970c4d8]
Event: 8.735 Thread 0x000001f94d5d4ab0 2453       3       java.lang.invoke.InvokerBytecodeGenerator::storeInsnOpcode (98 bytes)
Event: 8.736 Thread 0x000001f94d5d4ab0 nmethod 2453 0x000001f93970e490 code [0x000001f93970e700, 0x000001f93970f0f8]
Event: 8.737 Thread 0x000001f94d5d4ab0 2455       3       org.gradle.internal.service.DefaultServiceRegistry$ClassInspector$ClassDetails::<init> (36 bytes)
Event: 8.738 Thread 0x000001f94d5d4ab0 nmethod 2455 0x000001f93970f410 code [0x000001f93970f620, 0x000001f93970fdc8]
Event: 8.763 Thread 0x000001f94d5d4ab0 2456       3       java.util.Collections::singletonIterator (9 bytes)
Event: 8.764 Thread 0x000001f94d5d4ab0 nmethod 2456 0x000001f939710090 code [0x000001f939710240, 0x000001f9397104b8]
Event: 8.764 Thread 0x000001f94d5d4ab0 2459       3       jdk.internal.reflect.ReflectionFactory::getExecutableSharedParameterTypes (11 bytes)
Event: 8.764 Thread 0x000001f94d5d4ab0 nmethod 2459 0x000001f939710590 code [0x000001f939710740, 0x000001f9397109a8]
Event: 8.764 Thread 0x000001f94d5d4ab0 2457       3       java.util.Collections$1::<init> (15 bytes)
Event: 8.764 Thread 0x000001f94d5d4ab0 nmethod 2457 0x000001f939710b10 code [0x000001f939710ca0, 0x000001f939710e78]
Event: 8.764 Thread 0x000001f94d5d4ab0 2458       3       java.util.Collections$1::next (25 bytes)
Event: 8.764 Thread 0x000001f94d5d4ab0 nmethod 2458 0x000001f939710f10 code [0x000001f9397110c0, 0x000001f9397112e8]
Event: 8.764 Thread 0x000001f94d5d4ab0 2460       3       java.lang.reflect.ReflectAccess::getExecutableSharedParameterTypes (5 bytes)
Event: 8.765 Thread 0x000001f94d5d4ab0 nmethod 2460 0x000001f939711410 code [0x000001f9397115c0, 0x000001f939711788]
Event: 8.765 Thread 0x000001f94d5d4ab0 2462       3       jdk.internal.org.objectweb.asm.MethodWriter::putAbstractTypes (31 bytes)
Event: 8.765 Thread 0x000001f94d5d4ab0 nmethod 2462 0x000001f939711890 code [0x000001f939711a40, 0x000001f939711c88]
Event: 8.765 Thread 0x000001f94d5d4ab0 2463       3       jdk.internal.org.objectweb.asm.Frame::putAbstractType (379 bytes)

GC Heap History (6 events):
Event: 0.838 GC heap before
{Heap before GC invocations=0 (full 0):
 garbage-first heap   total 262144K, used 26624K [0x00000000e0000000, 0x0000000100000000)
  region size 1024K, 23 young (23552K), 0 survivors (0K)
 Metaspace       used 1112K, committed 1280K, reserved 393216K
  class space    used 72K, committed 128K, reserved 327680K
}
Event: 0.847 GC heap after
{Heap after GC invocations=1 (full 0):
 garbage-first heap   total 262144K, used 9889K [0x00000000e0000000, 0x0000000100000000)
  region size 1024K, 3 young (3072K), 3 survivors (3072K)
 Metaspace       used 1112K, committed 1280K, reserved 393216K
  class space    used 72K, committed 128K, reserved 327680K
}
Event: 2.076 GC heap before
{Heap before GC invocations=1 (full 0):
 garbage-first heap   total 262144K, used 40609K [0x00000000e0000000, 0x0000000100000000)
  region size 1024K, 33 young (33792K), 3 survivors (3072K)
 Metaspace       used 4361K, committed 4544K, reserved 393216K
  class space    used 536K, committed 640K, reserved 327680K
}
Event: 2.081 GC heap after
{Heap after GC invocations=2 (full 0):
 garbage-first heap   total 262144K, used 11621K [0x00000000e0000000, 0x0000000100000000)
  region size 1024K, 5 young (5120K), 5 survivors (5120K)
 Metaspace       used 4361K, committed 4544K, reserved 393216K
  class space    used 536K, committed 640K, reserved 327680K
}
Event: 3.450 GC heap before
{Heap before GC invocations=2 (full 0):
 garbage-first heap   total 262144K, used 58725K [0x00000000e0000000, 0x0000000100000000)
  region size 1024K, 49 young (50176K), 5 survivors (5120K)
 Metaspace       used 5394K, committed 5632K, reserved 393216K
  class space    used 702K, committed 832K, reserved 327680K
}
Event: 3.457 GC heap after
{Heap after GC invocations=3 (full 0):
 garbage-first heap   total 262144K, used 17851K [0x00000000e0000000, 0x0000000100000000)
  region size 1024K, 7 young (7168K), 7 survivors (7168K)
 Metaspace       used 5394K, committed 5632K, reserved 393216K
  class space    used 702K, committed 832K, reserved 327680K
}

Deoptimization events (20 events):
Event: 4.928 Thread 0x000001f968d6b2f0 Uncommon trap: trap_request=0xffffff45 fr.pc=0x000001f940ddd85c relative=0x00000000000003fc
Event: 4.928 Thread 0x000001f968d6b2f0 Uncommon trap: reason=unstable_if action=reinterpret pc=0x000001f940ddd85c method=java.util.regex.Matcher.match(II)Z @ 76 c2
Event: 4.928 Thread 0x000001f968d6b2f0 DEOPT PACKING pc=0x000001f940ddd85c sp=0x0000000d616fdb60
Event: 4.928 Thread 0x000001f968d6b2f0 DEOPT UNPACKING pc=0x000001f9406c23a3 sp=0x0000000d616fdb30 mode 2
Event: 6.079 Thread 0x000001f968d9cd90 Uncommon trap: trap_request=0xffffff6e fr.pc=0x000001f940e7a1e4 relative=0x00000000000003c4
Event: 6.079 Thread 0x000001f968d9cd90 Uncommon trap: reason=loop_limit_check action=maybe_recompile pc=0x000001f940e7a1e4 method=java.lang.StringLatin1.indexOf([BI[BII)I @ 37 c2
Event: 6.079 Thread 0x000001f968d9cd90 DEOPT PACKING pc=0x000001f940e7a1e4 sp=0x0000000d618fede0
Event: 6.079 Thread 0x000001f968d9cd90 DEOPT UNPACKING pc=0x000001f9406c23a3 sp=0x0000000d618fed68 mode 2
Event: 7.829 Thread 0x000001f968d9cd90 Uncommon trap: trap_request=0xffffff45 fr.pc=0x000001f940e6ef14 relative=0x00000000000003d4
Event: 7.829 Thread 0x000001f968d9cd90 Uncommon trap: reason=unstable_if action=reinterpret pc=0x000001f940e6ef14 method=java.util.HashMap.getNode(Ljava/lang/Object;)Ljava/util/HashMap$Node; @ 66 c2
Event: 7.829 Thread 0x000001f968d9cd90 DEOPT PACKING pc=0x000001f940e6ef14 sp=0x0000000d618fc2b0
Event: 7.829 Thread 0x000001f968d9cd90 DEOPT UNPACKING pc=0x000001f9406c23a3 sp=0x0000000d618fc1d0 mode 2
Event: 7.829 Thread 0x000001f968d9cd90 Uncommon trap: trap_request=0xffffff45 fr.pc=0x000001f940dfe774 relative=0x00000000000003b4
Event: 7.829 Thread 0x000001f968d9cd90 Uncommon trap: reason=unstable_if action=reinterpret pc=0x000001f940dfe774 method=java.util.HashMap.getNode(Ljava/lang/Object;)Ljava/util/HashMap$Node; @ 66 c2
Event: 7.829 Thread 0x000001f968d9cd90 DEOPT PACKING pc=0x000001f940dfe774 sp=0x0000000d618fc240
Event: 7.829 Thread 0x000001f968d9cd90 DEOPT UNPACKING pc=0x000001f9406c23a3 sp=0x0000000d618fc1d0 mode 2
Event: 7.855 Thread 0x000001f968d9cd90 Uncommon trap: trap_request=0xffffff45 fr.pc=0x000001f940e67de8 relative=0x0000000000000248
Event: 7.855 Thread 0x000001f968d9cd90 Uncommon trap: reason=unstable_if action=reinterpret pc=0x000001f940e67de8 method=java.util.concurrent.ConcurrentHashMap.get(Ljava/lang/Object;)Ljava/lang/Object; @ 76 c2
Event: 7.855 Thread 0x000001f968d9cd90 DEOPT PACKING pc=0x000001f940e67de8 sp=0x0000000d618fb720
Event: 7.855 Thread 0x000001f968d9cd90 DEOPT UNPACKING pc=0x000001f9406c23a3 sp=0x0000000d618fb688 mode 2

Classes unloaded (0 events):
No events

Classes redefined (0 events):
No events

Internal exceptions (20 events):
Event: 4.152 Thread 0x000001f931876390 Exception <a 'java/lang/NoSuchMethodError'{0x00000000ef4c58b0}: 'java.lang.Object java.lang.invoke.DirectMethodHandle$Holder.invokeStaticInit(java.lang.Object, java.lang.Object, int, int, int, int)'> (0x00000000ef4c58b0) 
thrown [s\open\src\hotspot\share\interpreter\linkResolver.cpp, line 759]
Event: 4.689 Thread 0x000001f931876390 Exception <a 'java/lang/NoSuchMethodError'{0x00000000ef2dafb8}: 'void java.lang.invoke.DirectMethodHandle$Holder.invokeStatic(java.lang.Object, java.lang.Object, java.lang.Object)'> (0x00000000ef2dafb8) 
thrown [s\open\src\hotspot\share\interpreter\linkResolver.cpp, line 759]
Event: 4.749 Thread 0x000001f931876390 Exception <a 'java/io/IOException'{0x00000000ef1ee3d8}> (0x00000000ef1ee3d8) 
thrown [s\open\src\hotspot\share\prims\jni.cpp, line 516]
Event: 4.763 Thread 0x000001f931876390 Implicit null exception at 0x000001f940e1c8d5 to 0x000001f940e1ce94
Event: 4.991 Thread 0x000001f968d6b2f0 Exception <a 'java/lang/NoSuchMethodError'{0x00000000eecdd168}: static Lorg/gradle/tooling/internal/provider/serialization/ClassLoaderDetails;.<clinit>()V> (0x00000000eecdd168) 
thrown [s\open\src\hotspot\share\prims\jni.cpp, line 1112]
Event: 4.995 Thread 0x000001f968d6b2f0 Exception <a 'java/lang/NoSuchMethodError'{0x00000000eecf7340}: static Lorg/gradle/internal/classloader/ClassLoaderSpec;.<clinit>()V> (0x00000000eecf7340) 
thrown [s\open\src\hotspot\share\prims\jni.cpp, line 1112]
Event: 4.997 Thread 0x000001f968d6b2f0 Exception <a 'java/lang/NoSuchMethodError'{0x00000000eeb01008}: static Lorg/gradle/tooling/internal/provider/serialization/WellKnownClassLoaderRegistry$KnownClassLoaderSpec;.<clinit>()V> (0x00000000eeb01008) 
thrown [s\open\src\hotspot\share\prims\jni.cpp, line 1112]
Event: 5.001 Thread 0x000001f968d6b2f0 Exception <a 'java/lang/NoSuchMethodError'{0x00000000eeb18078}: static Lorg/gradle/tooling/internal/provider/serialization/ClientOwnedClassLoaderSpec;.<clinit>()V> (0x00000000eeb18078) 
thrown [s\open\src\hotspot\share\prims\jni.cpp, line 1112]
Event: 5.040 Thread 0x000001f968d54040 Exception <a 'java/lang/NoSuchMethodError'{0x00000000eeef6a70}: 'void java.lang.invoke.DirectMethodHandle$Holder.invokeSpecial(java.lang.Object, java.lang.Object, java.lang.Object)'> (0x00000000eeef6a70) 
thrown [s\open\src\hotspot\share\interpreter\linkResolver.cpp, line 759]
Event: 7.394 Thread 0x000001f968d9cd90 Exception <a 'java/lang/NoSuchMethodError'{0x00000000ee758290}: 'long java.lang.invoke.DirectMethodHandle$Holder.invokeInterface(java.lang.Object, java.lang.Object)'> (0x00000000ee758290) 
thrown [s\open\src\hotspot\share\interpreter\linkResolver.cpp, line 759]
Event: 7.705 Thread 0x000001f968d9cd90 Exception <a 'java/lang/NoSuchMethodError'{0x00000000ee3cd6c0}: 'void java.lang.invoke.DirectMethodHandle$Holder.invokeStatic(java.lang.Object, java.lang.Object)'> (0x00000000ee3cd6c0) 
thrown [s\open\src\hotspot\share\interpreter\linkResolver.cpp, line 759]
Event: 7.845 Thread 0x000001f968d9cd90 Exception <a 'java/lang/NoSuchMethodError'{0x00000000ee1a1788}: 'java.lang.Object java.lang.invoke.DirectMethodHandle$Holder.newInvokeSpecial(java.lang.Object, java.lang.Object, java.lang.Object, java.lang.Object, java.lang.Object)'> (0x00000000ee1a1788) 
thrown [s\open\src\hotspot\share\interpreter\linkResolver.cpp, line 759]
Event: 7.910 Thread 0x000001f968d9cd90 Exception <a 'java/lang/NoSuchMethodError'{0x00000000ee1fc970}: 'int java.lang.invoke.DirectMethodHandle$Holder.invokeVirtual(java.lang.Object, java.lang.Object, java.lang.Object)'> (0x00000000ee1fc970) 
thrown [s\open\src\hotspot\share\interpreter\linkResolver.cpp, line 759]
Event: 8.182 Thread 0x000001f968d9cd90 Exception <a 'java/lang/NoSuchMethodError'{0x00000000ede90ee8}: 'java.lang.Object java.lang.invoke.DirectMethodHandle$Holder.newInvokeSpecial(java.lang.Object, java.lang.Object, java.lang.Object, java.lang.Object, java.lang.Object, java.lang.Object)'> (0x00000000ede90ee8) 
thrown [s\open\src\hotspot\share\interpreter\linkResolver.cpp, line 759]
Event: 8.241 Thread 0x000001f968d9cd90 Exception <a 'java/lang/NoSuchMethodError'{0x00000000edeac4c8}: 'void java.lang.invoke.DirectMethodHandle$Holder.invokeSpecial(java.lang.Object, java.lang.Object, java.lang.Object, java.lang.Object, java.lang.Object)'> (0x00000000edeac4c8) 
thrown [s\open\src\hotspot\share\interpreter\linkResolver.cpp, line 759]
Event: 8.245 Thread 0x000001f968d9cd90 Exception <a 'java/lang/NoSuchMethodError'{0x00000000edebff80}: 'void java.lang.invoke.DirectMethodHandle$Holder.invokeStaticInit(java.lang.Object, java.lang.Object)'> (0x00000000edebff80) 
thrown [s\open\src\hotspot\share\interpreter\linkResolver.cpp, line 759]
Event: 8.661 Thread 0x000001f968d9cd90 Exception <a 'java/lang/NoSuchMethodError'{0x00000000edb95b58}: 'void java.lang.invoke.DelegatingMethodHandle$Holder.reinvoke_L(java.lang.Object, java.lang.Object, java.lang.Object, java.lang.Object, java.lang.Object, java.lang.Object, java.lang.Object, java.lang.Object, java.lang.Object, java.lang.Object)'> (0x00000000edb95b58) 
thrown [s\open\src\hotspot\share\interpreter\linkResolver.cpp, line 759]
Event: 8.662 Thread 0x000001f968d9cd90 Exception <a 'java/lang/NoSuchMethodError'{0x00000000edb9dfc8}: 'java.lang.Object java.lang.invoke.DirectMethodHandle$Holder.invokeSpecial(java.lang.Object, java.lang.Object, java.lang.Object, java.lang.Object, java.lang.Object, java.lang.Object, java.lang.Object, java.lang.Object, java.lang.Object, java.lang.Object)'> (0x00000000edb9dfc8) 
thrown [s\open\src\hotspot\share\interpreter\linkResolver.cpp, line 759]
Event: 8.663 Thread 0x000001f968d9cd90 Exception <a 'java/lang/NoSuchMethodError'{0x00000000edba2898}: 'java.lang.Object java.lang.invoke.Invokers$Holder.invoker(java.lang.Object, java.lang.Object, java.lang.Object, java.lang.Object, java.lang.Object, java.lang.Object, java.lang.Object, java.lang.Object, java.lang.Object, java.lang.Object)'> (0x00000000edba2898) 
thrown [s\open\src\hotspot\share\interpreter\linkResolver.cpp, line 759]
Event: 8.663 Thread 0x000001f968d9cd90 Exception <a 'java/lang/NoSuchMethodError'{0x00000000edba84a0}: 'java.lang.Object java.lang.invoke.DirectMethodHandle$Holder.invokeSpecial(java.lang.Object, java.lang.Object, java.lang.Object, java.lang.Object, java.lang.Object, java.lang.Object, java.lang.Object, java.lang.Object, java.lang.Object, java.lang.Object, java.lang.Object)'> (0x00000000edba84a0) 
thrown [s\open\src\hotspot\share\interpreter\linkResolver.cpp, line 759]

VM Operations (20 events):
Event: 4.006 Executing VM operation: HandshakeAllThreads
Event: 4.006 Executing VM operation: HandshakeAllThreads done
Event: 4.097 Executing VM operation: HandshakeAllThreads
Event: 4.097 Executing VM operation: HandshakeAllThreads done
Event: 4.684 Executing VM operation: HandshakeAllThreads
Event: 4.684 Executing VM operation: HandshakeAllThreads done
Event: 4.684 Executing VM operation: Cleanup
Event: 4.684 Executing VM operation: Cleanup done
Event: 4.809 Executing VM operation: HandshakeAllThreads
Event: 4.809 Executing VM operation: HandshakeAllThreads done
Event: 5.809 Executing VM operation: Cleanup
Event: 6.072 Executing VM operation: Cleanup done
Event: 8.072 Executing VM operation: Cleanup
Event: 8.072 Executing VM operation: Cleanup done
Event: 8.480 Executing VM operation: HandshakeAllThreads
Event: 8.480 Executing VM operation: HandshakeAllThreads done
Event: 9.480 Executing VM operation: Cleanup
Event: 9.480 Executing VM operation: Cleanup done
Event: 10.480 Executing VM operation: Cleanup
Event: 10.481 Executing VM operation: Cleanup done

Events (20 events):
Event: 7.854 loading class jdk/internal/vm/annotation/IntrinsicCandidate
Event: 7.855 loading class jdk/internal/vm/annotation/IntrinsicCandidate done
Event: 7.898 loading class java/util/stream/MatchOps$MatchKind
Event: 7.898 loading class java/util/stream/MatchOps$MatchKind done
Event: 7.898 loading class java/util/stream/MatchOps
Event: 7.899 loading class java/util/stream/MatchOps done
Event: 7.899 loading class java/util/stream/MatchOps$MatchOp
Event: 7.899 loading class java/util/stream/MatchOps$MatchOp done
Event: 7.899 loading class java/util/stream/MatchOps$BooleanTerminalSink
Event: 7.899 loading class java/util/stream/MatchOps$BooleanTerminalSink done
Event: 7.901 loading class java/util/stream/MatchOps$1MatchSink
Event: 7.901 loading class java/util/stream/MatchOps$1MatchSink done
Event: 8.009 loading class java/lang/TypeNotPresentException
Event: 8.011 loading class java/lang/TypeNotPresentException done
Event: 8.174 loading class java/lang/invoke/MethodHandle$1
Event: 8.175 loading class java/lang/invoke/MethodHandle$1 done
Event: 8.364 loading class java/util/ConcurrentModificationException
Event: 8.381 loading class java/util/ConcurrentModificationException done
Event: 8.483 loading class sun/reflect/generics/scope/ConstructorScope
Event: 8.484 loading class sun/reflect/generics/scope/ConstructorScope done


Dynamic libraries:
0x00007ff781410000 - 0x00007ff781420000 	D:\Program Files\Java\jdk-17\bin\java.exe
0x00007ff98e3a0000 - 0x00007ff98e603000 	C:\WINDOWS\SYSTEM32\ntdll.dll
0x00007ff98d7b0000 - 0x00007ff98d877000 	C:\WINDOWS\System32\KERNEL32.DLL
0x00007ff98bd60000 - 0x00007ff98c127000 	C:\WINDOWS\System32\KERNELBASE.dll
0x00007ff98b960000 - 0x00007ff98baac000 	C:\WINDOWS\System32\ucrtbase.dll
0x00007ff950570000 - 0x00007ff950589000 	D:\Program Files\Java\jdk-17\bin\jli.dll
0x00007ff98c980000 - 0x00007ff98ca34000 	C:\WINDOWS\System32\ADVAPI32.dll
0x00007ff95d0b0000 - 0x00007ff95d0cb000 	D:\Program Files\Java\jdk-17\bin\VCRUNTIME140.dll
0x00007ff98dc90000 - 0x00007ff98dd39000 	C:\WINDOWS\System32\msvcrt.dll
0x00007ff98d560000 - 0x00007ff98d606000 	C:\WINDOWS\System32\sechost.dll
0x00007ff98d660000 - 0x00007ff98d776000 	C:\WINDOWS\System32\RPCRT4.dll
0x00007ff98ca40000 - 0x00007ff98cc09000 	C:\WINDOWS\System32\USER32.dll
0x00007ff98b7e0000 - 0x00007ff98b807000 	C:\WINDOWS\System32\win32u.dll
0x00007ff98d780000 - 0x00007ff98d7aa000 	C:\WINDOWS\System32\GDI32.dll
0x00007ff98bc30000 - 0x00007ff98bd5b000 	C:\WINDOWS\System32\gdi32full.dll
0x00007ff98c130000 - 0x00007ff98c1d3000 	C:\WINDOWS\System32\msvcp_win.dll
0x00007ff975880000 - 0x00007ff975b10000 	C:\WINDOWS\WinSxS\amd64_microsoft.windows.common-controls_6595b64144ccf1df_6.0.26100.3037_none_3e09262ce333c378\COMCTL32.dll
0x00007ff983120000 - 0x00007ff98312b000 	C:\WINDOWS\SYSTEM32\VERSION.dll
0x00007ff98cdf0000 - 0x00007ff98ce1f000 	C:\WINDOWS\System32\IMM32.DLL
0x00007ff977f10000 - 0x00007ff977f1c000 	D:\Program Files\Java\jdk-17\bin\vcruntime140_1.dll
0x00007ff8e6c90000 - 0x00007ff8e6d1e000 	D:\Program Files\Java\jdk-17\bin\msvcp140.dll
0x00007ff8e60b0000 - 0x00007ff8e6c90000 	D:\Program Files\Java\jdk-17\bin\server\jvm.dll
0x00007ff98c950000 - 0x00007ff98c958000 	C:\WINDOWS\System32\PSAPI.DLL
0x00007ff973e00000 - 0x00007ff973e0a000 	C:\WINDOWS\SYSTEM32\WSOCK32.dll
0x00007ff9830e0000 - 0x00007ff983116000 	C:\WINDOWS\SYSTEM32\WINMM.dll
0x00007ff98d880000 - 0x00007ff98d8f4000 	C:\WINDOWS\System32\WS2_32.dll
0x00007ff98a570000 - 0x00007ff98a58a000 	C:\WINDOWS\SYSTEM32\kernel.appcore.dll
0x00007ff973870000 - 0x00007ff97387a000 	D:\Program Files\Java\jdk-17\bin\jimage.dll
0x00007ff989200000 - 0x00007ff989441000 	C:\WINDOWS\SYSTEM32\DBGHELP.DLL
0x00007ff98dd40000 - 0x00007ff98e0be000 	C:\WINDOWS\System32\combase.dll
0x00007ff98cc10000 - 0x00007ff98cce6000 	C:\WINDOWS\System32\OLEAUT32.dll
0x00007ff973ce0000 - 0x00007ff973d19000 	C:\WINDOWS\SYSTEM32\dbgcore.DLL
0x00007ff98b740000 - 0x00007ff98b7d9000 	C:\WINDOWS\System32\bcryptPrimitives.dll
0x00007ff96ed40000 - 0x00007ff96ed4e000 	D:\Program Files\Java\jdk-17\bin\instrument.dll
0x00007ff94d110000 - 0x00007ff94d135000 	D:\Program Files\Java\jdk-17\bin\java.dll
0x00007ff8e5fd0000 - 0x00007ff8e60a7000 	D:\Program Files\Java\jdk-17\bin\jsvml.dll
0x00007ff98c240000 - 0x00007ff98c944000 	C:\WINDOWS\System32\SHELL32.dll
0x00007ff989480000 - 0x00007ff989cb7000 	C:\WINDOWS\SYSTEM32\windows.storage.dll
0x00007ff98cd00000 - 0x00007ff98cde9000 	C:\WINDOWS\System32\SHCORE.dll
0x00007ff98c1e0000 - 0x00007ff98c23d000 	C:\WINDOWS\System32\shlwapi.dll
0x00007ff98b650000 - 0x00007ff98b67e000 	C:\WINDOWS\SYSTEM32\profapi.dll
0x00007ff9455a0000 - 0x00007ff9455b8000 	D:\Program Files\Java\jdk-17\bin\zip.dll
0x00007ff94a920000 - 0x00007ff94a939000 	D:\Program Files\Java\jdk-17\bin\net.dll
0x00007ff982e40000 - 0x00007ff982f5e000 	C:\WINDOWS\SYSTEM32\WINHTTP.dll
0x00007ff98aa80000 - 0x00007ff98aaea000 	C:\WINDOWS\system32\mswsock.dll
0x00007ff949c30000 - 0x00007ff949c46000 	D:\Program Files\Java\jdk-17\bin\nio.dll
0x00007ff973840000 - 0x00007ff973850000 	D:\Program Files\Java\jdk-17\bin\verify.dll
0x00007ff95d2c0000 - 0x00007ff95d2e7000 	C:\Users\tannie\.gradle\native\c067742578af261105cb4f569cf0c3c89f3d7b1fecec35dd04571415982c5e48\windows-amd64\native-platform.dll
0x00007ff8e6d50000 - 0x00007ff8e6e94000 	C:\Users\tannie\.gradle\native\100fb08df4bc3b14c8652ba06237920a3bd2aa13389f12d3474272988ae205f9\windows-amd64\native-platform-file-events.dll
0x00007ff971e40000 - 0x00007ff971e4a000 	D:\Program Files\Java\jdk-17\bin\management.dll
0x00007ff9715a0000 - 0x00007ff9715ab000 	D:\Program Files\Java\jdk-17\bin\management_ext.dll
0x00007ff98ad20000 - 0x00007ff98ad3c000 	C:\WINDOWS\SYSTEM32\CRYPTSP.dll
0x00007ff98a4d0000 - 0x00007ff98a508000 	C:\WINDOWS\system32\rsaenh.dll
0x00007ff98ab20000 - 0x00007ff98ab4b000 	C:\WINDOWS\SYSTEM32\USERENV.dll
0x00007ff98af60000 - 0x00007ff98af86000 	C:\WINDOWS\SYSTEM32\bcrypt.dll
0x00007ff98ad40000 - 0x00007ff98ad4c000 	C:\WINDOWS\SYSTEM32\CRYPTBASE.dll
0x00007ff98a000000 - 0x00007ff98a032000 	C:\WINDOWS\SYSTEM32\IPHLPAPI.DLL
0x00007ff98d2c0000 - 0x00007ff98d2ca000 	C:\WINDOWS\System32\NSI.dll
0x00007ff982ff0000 - 0x00007ff98300f000 	C:\WINDOWS\SYSTEM32\dhcpcsvc6.DLL
0x00007ff982fc0000 - 0x00007ff982fe5000 	C:\WINDOWS\SYSTEM32\dhcpcsvc.DLL
0x00007ff98a0a0000 - 0x00007ff98a1c5000 	C:\WINDOWS\SYSTEM32\DNSAPI.dll
0x00007ff96eb10000 - 0x00007ff96eb1e000 	D:\Program Files\Java\jdk-17\bin\sunmscapi.dll
0x00007ff98bab0000 - 0x00007ff98bc26000 	C:\WINDOWS\System32\CRYPT32.dll
0x00007ff98af20000 - 0x00007ff98af50000 	C:\WINDOWS\SYSTEM32\ncrypt.dll
0x00007ff98aed0000 - 0x00007ff98af0f000 	C:\WINDOWS\SYSTEM32\NTASN1.dll
0x00007ff97b000000 - 0x00007ff97b008000 	C:\WINDOWS\system32\wshunix.dll

dbghelp: loaded successfully - version: 4.0.5 - missing functions: none
symbol engine: initialized successfully - sym options: 0x614 - pdb path: .;D:\Program Files\Java\jdk-17\bin;C:\WINDOWS\SYSTEM32;C:\WINDOWS\WinSxS\amd64_microsoft.windows.common-controls_6595b64144ccf1df_6.0.26100.3037_none_3e09262ce333c378;D:\Program Files\Java\jdk-17\bin\server;C:\Users\tannie\.gradle\native\c067742578af261105cb4f569cf0c3c89f3d7b1fecec35dd04571415982c5e48\windows-amd64;C:\Users\tannie\.gradle\native\100fb08df4bc3b14c8652ba06237920a3bd2aa13389f12d3474272988ae205f9\windows-amd64

VM Arguments:
jvm_args: --add-opens=java.base/java.util=ALL-UNNAMED --add-opens=java.base/java.lang=ALL-UNNAMED --add-opens=java.base/java.lang.invoke=ALL-UNNAMED --add-opens=java.prefs/java.util.prefs=ALL-UNNAMED --add-exports=jdk.compiler/com.sun.tools.javac.api=ALL-UNNAMED --add-exports=jdk.compiler/com.sun.tools.javac.util=ALL-UNNAMED --add-opens=java.base/java.nio.charset=ALL-UNNAMED --add-opens=java.base/java.net=ALL-UNNAMED --add-opens=java.base/java.util.concurrent.atomic=ALL-UNNAMED -XX:MaxMetaspaceSize=384m -XX:+HeapDumpOnOutOfMemoryError -Xms256m -Xmx512m -Dfile.encoding=utf8 -Duser.country=US -Duser.language=en -Duser.variant -javaagent:C:\Users\tannie\.gradle\wrapper\dists\gradle-8.9-bin\90cnw93cvbtalezasaz0blq0a\gradle-8.9\lib\agents\gradle-instrumentation-agent-8.9.jar 
java_command: org.gradle.launcher.daemon.bootstrap.GradleDaemon 8.9
java_class_path (initial): C:\Users\tannie\.gradle\wrapper\dists\gradle-8.9-bin\90cnw93cvbtalezasaz0blq0a\gradle-8.9\lib\gradle-daemon-main-8.9.jar
Launcher Type: SUN_STANDARD

[Global flags]
     intx CICompilerCount                          = 12                                        {product} {ergonomic}
   size_t CompressedClassSpaceSize                 = 335544320                                 {product} {ergonomic}
     uint ConcGCThreads                            = 3                                         {product} {ergonomic}
     uint G1ConcRefinementThreads                  = 13                                        {product} {ergonomic}
   size_t G1HeapRegionSize                         = 1048576                                   {product} {ergonomic}
    uintx GCDrainStackTargetSize                   = 64                                        {product} {ergonomic}
     bool HeapDumpOnOutOfMemoryError               = true                                   {manageable} {command line}
   size_t InitialHeapSize                          = 268435456                                 {product} {command line}
   size_t MarkStackSize                            = 4194304                                   {product} {ergonomic}
   size_t MaxHeapSize                              = 536870912                                 {product} {command line}
   size_t MaxMetaspaceSize                         = 402653184                                 {product} {command line}
   size_t MaxNewSize                               = 321912832                                 {product} {ergonomic}
   size_t MinHeapDeltaBytes                        = 1048576                                   {product} {ergonomic}
   size_t MinHeapSize                              = 268435456                                 {product} {command line}
    uintx NonNMethodCodeHeapSize                   = 7602480                                {pd product} {ergonomic}
    uintx NonProfiledCodeHeapSize                  = 122027880                              {pd product} {ergonomic}
    uintx ProfiledCodeHeapSize                     = 122027880                              {pd product} {ergonomic}
    uintx ReservedCodeCacheSize                    = 251658240                              {pd product} {ergonomic}
     bool SegmentedCodeCache                       = true                                      {product} {ergonomic}
   size_t SoftMaxHeapSize                          = 536870912                              {manageable} {ergonomic}
     bool UseCompressedClassPointers               = true                           {product lp64_product} {ergonomic}
     bool UseCompressedOops                        = true                           {product lp64_product} {ergonomic}
     bool UseG1GC                                  = true                                      {product} {ergonomic}
     bool UseLargePagesIndividualAllocation        = false                                  {pd product} {ergonomic}

Logging:
Log output configuration:
 #0: stdout all=warning uptime,level,tags
 #1: stderr all=off uptime,level,tags

Environment Variables:
JAVA_HOME=D:\Program Files\Java\jdk-17
PATH=C:\Program Files\Common Files\Oracle\Java\javapath;C:\Program Files\OpenLogic\jdk-17.0.12.7-hotspot\bin;C:\WINDOWS\system32;C:\WINDOWS;C:\WINDOWS\System32\Wbem;C:\WINDOWS\System32\WindowsPowerShell\v1.0\;C:\WINDOWS\System32\OpenSSH\;C:\MinGW\bin;C:\Program Files\Java\jdk-21\bin;C:\Users\tannie\AppData\Local\Android\Sdk\platform-tools;C:\src\flutter\bin;C:\ProgramData\chocolatey\bin;C:\Program Files (x86)\nodejs\;C:\Users\tannie\AppData\Roaming\npm\node_modules;C:\Users\tannie\AppData\Local\Android\Sdk\emulator;D:\Program Files\GitHub CLI\;C:\Program Files\MongoDB\Server\7.0\bin;C:\Program Files (x86)\nodejs;C:\Program Files\Git\cmd;C:\Users\tannie\AppData\Local\pnpm;C:\Users\tannie\AppData\Local\Microsoft\WindowsApps;C:\msys64\mingw64\bin;C:\Program Files (x86)\Dev-Cpp\MinGW64\bin;C:\MinGW\bin;C:\Users\tannie\AppData\Local\Programs\Microsoft VS Code\bin;C:\Program Files\JetBrains\IntelliJ IDEA 2023.2.2\bin;;C:\Users\tannie\AppData\Local\Android\Sdk\platform-tools;C:\Program Files\Git\bin;C:\Program Files\Git\cmd;C:\src\flutter\bin;C:\Users\tannie\AppData\Roaming\npm;C:\Users\tannie\AppData\Roaming\npm\node_modules;C:\Program Files\MongoDB\Server\7.0\bin;C:\Users\tannie\AppData\Local\GitHubDesktop\bin;C:\Program Files (x86)\nodejs;
USERNAME=tannie
OS=Windows_NT
PROCESSOR_IDENTIFIER=AMD64 Family 25 Model 80 Stepping 0, AuthenticAMD



---------------  S Y S T E M  ---------------

OS:
 Windows 11 , 64 bit Build 26100 (10.0.26100.3037)
OS uptime: 2 days 5:19 hours

CPU: total 16 (initial active 16) (16 cores per cpu, 2 threads per core) family 25 model 80 stepping 0 microcode 0xa50000d, cx8, cmov, fxsr, ht, mmx, 3dnowpref, sse, sse2, sse3, ssse3, sse4a, sse4.1, sse4.2, popcnt, lzcnt, tsc, tscinvbit, avx, avx2, aes, erms, clmul, bmi1, bmi2, adx, sha, fma, vzeroupper, clflush, clflushopt

Memory: 4k page, system-wide physical 23374M (909M free)
TotalPageFile size 52422M (AvailPageFile size 4M)
current process WorkingSet (physical memory assigned to process): 154M, peak: 155M
current process commit charge ("private bytes"): 404M, peak: 405M

vm_info: Java HotSpot(TM) 64-Bit Server VM (17.0.11+7-LTS-207) for windows-amd64 JRE (17.0.11+7-LTS-207), built on Mar 11 2024 19:01:50 by "mach5one" with MS VC++ 17.6 (VS2022)

END.
